0 info it worked if it ends with ok
1 verbose cli [ '/usr/bin/nodejs', '/usr/bin/npm', 'install', 'node' ]
2 info using npm@3.10.10
3 info using node@v6.11.1
4 verbose config Skipping project config: /home/patrick/.npmrc. (matches userconfig)
5 silly loadCurrentTree Starting
6 silly install loadCurrentTree
7 silly install readLocalPackageData
8 silly fetchPackageMetaData node
9 silly fetchNamedPackageData node
10 silly mapToRegistry name node
11 silly mapToRegistry using default registry
12 silly mapToRegistry registry https://registry.npmjs.org/
13 silly mapToRegistry data Result {
13 silly mapToRegistry   raw: 'node',
13 silly mapToRegistry   scope: null,
13 silly mapToRegistry   escapedName: 'node',
13 silly mapToRegistry   name: 'node',
13 silly mapToRegistry   rawSpec: '',
13 silly mapToRegistry   spec: 'latest',
13 silly mapToRegistry   type: 'tag' }
14 silly mapToRegistry uri https://registry.npmjs.org/node
15 verbose request uri https://registry.npmjs.org/node
16 verbose request no auth needed
17 info attempt registry request try #1 at 8:05:13 PM
18 verbose request id c43e061f44d4a708
19 http request GET https://registry.npmjs.org/node
20 http 200 https://registry.npmjs.org/node
21 verbose headers { server: 'nginx/1.10.1',
21 verbose headers   'content-type': 'application/json',
21 verbose headers   'last-modified': 'Tue, 25 Jul 2017 03:37:56 GMT',
21 verbose headers   etag: 'W/"5976bd14-4df89"',
21 verbose headers   'content-encoding': 'gzip',
21 verbose headers   'cache-control': 'max-age=300',
21 verbose headers   'content-length': '51308',
21 verbose headers   'accept-ranges': 'bytes',
21 verbose headers   date: 'Fri, 04 Aug 2017 03:05:14 GMT',
21 verbose headers   via: '1.1 varnish',
21 verbose headers   age: '0',
21 verbose headers   connection: 'keep-alive',
21 verbose headers   'x-served-by': 'cache-lax8633-LAX',
21 verbose headers   'x-cache': 'MISS',
21 verbose headers   'x-cache-hits': '0',
21 verbose headers   'x-timer': 'S1501815914.101060,VS0,VE30',
21 verbose headers   vary: 'Accept-Encoding, Accept' }
22 silly get cb [ 200,
22 silly get   { server: 'nginx/1.10.1',
22 silly get     'content-type': 'application/json',
22 silly get     'last-modified': 'Tue, 25 Jul 2017 03:37:56 GMT',
22 silly get     etag: 'W/"5976bd14-4df89"',
22 silly get     'content-encoding': 'gzip',
22 silly get     'cache-control': 'max-age=300',
22 silly get     'content-length': '51308',
22 silly get     'accept-ranges': 'bytes',
22 silly get     date: 'Fri, 04 Aug 2017 03:05:14 GMT',
22 silly get     via: '1.1 varnish',
22 silly get     age: '0',
22 silly get     connection: 'keep-alive',
22 silly get     'x-served-by': 'cache-lax8633-LAX',
22 silly get     'x-cache': 'MISS',
22 silly get     'x-cache-hits': '0',
22 silly get     'x-timer': 'S1501815914.101060,VS0,VE30',
22 silly get     vary: 'Accept-Encoding, Accept' } ]
23 verbose get saving node to /home/patrick/.npm/registry.npmjs.org/node/.cache.json
24 verbose correctMkdir /home/patrick/.npm correctMkdir not in flight; initializing
25 silly install normalizeTree
26 silly loadCurrentTree Finishing
27 silly loadIdealTree Starting
28 silly install loadIdealTree
29 silly cloneCurrentTree Starting
30 silly install cloneCurrentTreeToIdealTree
31 silly cloneCurrentTree Finishing
32 silly loadShrinkwrap Starting
33 silly install loadShrinkwrap
34 silly loadShrinkwrap Finishing
35 silly loadAllDepsIntoIdealTree Starting
36 silly install loadAllDepsIntoIdealTree
37 silly resolveWithNewModule node@8.2.1 checking installable status
38 silly cache add args [ 'node', null ]
39 verbose cache add spec node
40 silly cache add parsed spec Result {
40 silly cache add   raw: 'node',
40 silly cache add   scope: null,
40 silly cache add   escapedName: 'node',
40 silly cache add   name: 'node',
40 silly cache add   rawSpec: '',
40 silly cache add   spec: 'latest',
40 silly cache add   type: 'tag' }
41 silly addNamed node@latest
42 verbose addNamed "latest" is being treated as a dist-tag for node
43 info addNameTag [ 'node', 'latest' ]
44 silly mapToRegistry name node
45 silly mapToRegistry using default registry
46 silly mapToRegistry registry https://registry.npmjs.org/
47 silly mapToRegistry data Result {
47 silly mapToRegistry   raw: 'node',
47 silly mapToRegistry   scope: null,
47 silly mapToRegistry   escapedName: 'node',
47 silly mapToRegistry   name: 'node',
47 silly mapToRegistry   rawSpec: '',
47 silly mapToRegistry   spec: 'latest',
47 silly mapToRegistry   type: 'tag' }
48 silly mapToRegistry uri https://registry.npmjs.org/node
49 verbose addNameTag registry:https://registry.npmjs.org/node not in flight; fetching
50 verbose get https://registry.npmjs.org/node not expired, no request
51 silly addNameTag next cb for node with tag latest
52 silly addNamed node@8.2.1
53 verbose addNamed "8.2.1" is a plain semver version for node
54 silly mapToRegistry name node
55 silly mapToRegistry using default registry
56 silly mapToRegistry registry https://registry.npmjs.org/
57 silly mapToRegistry data Result {
57 silly mapToRegistry   raw: 'node',
57 silly mapToRegistry   scope: null,
57 silly mapToRegistry   escapedName: 'node',
57 silly mapToRegistry   name: 'node',
57 silly mapToRegistry   rawSpec: '',
57 silly mapToRegistry   spec: 'latest',
57 silly mapToRegistry   type: 'tag' }
58 silly mapToRegistry uri https://registry.npmjs.org/node
59 verbose addRemoteTarball https://registry.npmjs.org/node/-/node-8.2.1.tgz not in flight; adding
60 verbose addRemoteTarball [ 'https://registry.npmjs.org/node/-/node-8.2.1.tgz',
60 verbose addRemoteTarball   '860b3f57ef778177320f9b5da8171b6249fe4998' ]
61 info retry fetch attempt 1 at 8:05:14 PM
62 info attempt registry request try #1 at 8:05:14 PM
63 http fetch GET https://registry.npmjs.org/node/-/node-8.2.1.tgz
64 http fetch 200 https://registry.npmjs.org/node/-/node-8.2.1.tgz
65 silly fetchAndShaCheck shasum 860b3f57ef778177320f9b5da8171b6249fe4998
66 verbose addTmpTarball /tmp/npm-25289-90a7c1ff/registry.npmjs.org/node/-/node-8.2.1.tgz not in flight; adding
67 verbose addTmpTarball already have metadata; skipping unpack for node@8.2.1
68 verbose correctMkdir /home/patrick/.npm correctMkdir not in flight; initializing
69 silly cache afterAdd node@8.2.1
70 verbose afterAdd /home/patrick/.npm/node/8.2.1/package/package.json not in flight; writing
71 verbose correctMkdir /home/patrick/.npm correctMkdir not in flight; initializing
72 verbose afterAdd /home/patrick/.npm/node/8.2.1/package/package.json written
73 silly fetchNamedPackageData node-bin-setup
74 silly mapToRegistry name node-bin-setup
75 silly mapToRegistry using default registry
76 silly mapToRegistry registry https://registry.npmjs.org/
77 silly mapToRegistry data Result {
77 silly mapToRegistry   raw: 'node-bin-setup',
77 silly mapToRegistry   scope: null,
77 silly mapToRegistry   escapedName: 'node-bin-setup',
77 silly mapToRegistry   name: 'node-bin-setup',
77 silly mapToRegistry   rawSpec: '',
77 silly mapToRegistry   spec: 'latest',
77 silly mapToRegistry   type: 'tag' }
78 silly mapToRegistry uri https://registry.npmjs.org/node-bin-setup
79 verbose request uri https://registry.npmjs.org/node-bin-setup
80 verbose request no auth needed
81 info attempt registry request try #1 at 8:05:14 PM
82 http request GET https://registry.npmjs.org/node-bin-setup
83 http 200 https://registry.npmjs.org/node-bin-setup
84 verbose headers { server: 'nginx/1.10.1',
84 verbose headers   'content-type': 'application/json',
84 verbose headers   'last-modified': 'Tue, 25 Jul 2017 03:32:58 GMT',
84 verbose headers   etag: 'W/"5976bbea-1511"',
84 verbose headers   'content-encoding': 'gzip',
84 verbose headers   'cache-control': 'max-age=300',
84 verbose headers   'content-length': '1464',
84 verbose headers   'accept-ranges': 'bytes',
84 verbose headers   date: 'Fri, 04 Aug 2017 03:05:14 GMT',
84 verbose headers   via: '1.1 varnish',
84 verbose headers   age: '0',
84 verbose headers   connection: 'keep-alive',
84 verbose headers   'x-served-by': 'cache-lax8633-LAX',
84 verbose headers   'x-cache': 'MISS',
84 verbose headers   'x-cache-hits': '0',
84 verbose headers   'x-timer': 'S1501815914.335820,VS0,VE31',
84 verbose headers   vary: 'Accept-Encoding, Accept' }
85 silly get cb [ 200,
85 silly get   { server: 'nginx/1.10.1',
85 silly get     'content-type': 'application/json',
85 silly get     'last-modified': 'Tue, 25 Jul 2017 03:32:58 GMT',
85 silly get     etag: 'W/"5976bbea-1511"',
85 silly get     'content-encoding': 'gzip',
85 silly get     'cache-control': 'max-age=300',
85 silly get     'content-length': '1464',
85 silly get     'accept-ranges': 'bytes',
85 silly get     date: 'Fri, 04 Aug 2017 03:05:14 GMT',
85 silly get     via: '1.1 varnish',
85 silly get     age: '0',
85 silly get     connection: 'keep-alive',
85 silly get     'x-served-by': 'cache-lax8633-LAX',
85 silly get     'x-cache': 'MISS',
85 silly get     'x-cache-hits': '0',
85 silly get     'x-timer': 'S1501815914.335820,VS0,VE31',
85 silly get     vary: 'Accept-Encoding, Accept' } ]
86 verbose get saving node-bin-setup to /home/patrick/.npm/registry.npmjs.org/node-bin-setup/.cache.json
87 verbose correctMkdir /home/patrick/.npm correctMkdir not in flight; initializing
88 silly resolveWithNewModule node-bin-setup@1.0.6 checking installable status
89 silly cache add args [ 'node-bin-setup@^1.0.0', null ]
90 verbose cache add spec node-bin-setup@^1.0.0
91 silly cache add parsed spec Result {
91 silly cache add   raw: 'node-bin-setup@^1.0.0',
91 silly cache add   scope: null,
91 silly cache add   escapedName: 'node-bin-setup',
91 silly cache add   name: 'node-bin-setup',
91 silly cache add   rawSpec: '^1.0.0',
91 silly cache add   spec: '>=1.0.0 <2.0.0',
91 silly cache add   type: 'range' }
92 silly addNamed node-bin-setup@>=1.0.0 <2.0.0
93 verbose addNamed ">=1.0.0 <2.0.0" is a valid semver range for node-bin-setup
94 silly addNameRange { name: 'node-bin-setup',
94 silly addNameRange   range: '>=1.0.0 <2.0.0',
94 silly addNameRange   hasData: false }
95 silly mapToRegistry name node-bin-setup
96 silly mapToRegistry using default registry
97 silly mapToRegistry registry https://registry.npmjs.org/
98 silly mapToRegistry data Result {
98 silly mapToRegistry   raw: 'node-bin-setup',
98 silly mapToRegistry   scope: null,
98 silly mapToRegistry   escapedName: 'node-bin-setup',
98 silly mapToRegistry   name: 'node-bin-setup',
98 silly mapToRegistry   rawSpec: '',
98 silly mapToRegistry   spec: 'latest',
98 silly mapToRegistry   type: 'tag' }
99 silly mapToRegistry uri https://registry.npmjs.org/node-bin-setup
100 verbose addNameRange registry:https://registry.npmjs.org/node-bin-setup not in flight; fetching
101 verbose get https://registry.npmjs.org/node-bin-setup not expired, no request
102 silly addNameRange number 2 { name: 'node-bin-setup',
102 silly addNameRange   range: '>=1.0.0 <2.0.0',
102 silly addNameRange   hasData: true }
103 silly addNameRange versions [ 'node-bin-setup',
103 silly addNameRange   [ '1.0.0', '1.0.1', '1.0.2', '1.0.3', '1.0.4', '1.0.6' ] ]
104 silly addNamed node-bin-setup@1.0.6
105 verbose addNamed "1.0.6" is a plain semver version for node-bin-setup
106 silly mapToRegistry name node-bin-setup
107 silly mapToRegistry using default registry
108 silly mapToRegistry registry https://registry.npmjs.org/
109 silly mapToRegistry data Result {
109 silly mapToRegistry   raw: 'node-bin-setup',
109 silly mapToRegistry   scope: null,
109 silly mapToRegistry   escapedName: 'node-bin-setup',
109 silly mapToRegistry   name: 'node-bin-setup',
109 silly mapToRegistry   rawSpec: '',
109 silly mapToRegistry   spec: 'latest',
109 silly mapToRegistry   type: 'tag' }
110 silly mapToRegistry uri https://registry.npmjs.org/node-bin-setup
111 verbose addRemoteTarball https://registry.npmjs.org/node-bin-setup/-/node-bin-setup-1.0.6.tgz not in flight; adding
112 verbose addRemoteTarball [ 'https://registry.npmjs.org/node-bin-setup/-/node-bin-setup-1.0.6.tgz',
112 verbose addRemoteTarball   '4b5c9bb937ece702d7069b36ca78af4684677528' ]
113 info retry fetch attempt 1 at 8:05:14 PM
114 info attempt registry request try #1 at 8:05:14 PM
115 http fetch GET https://registry.npmjs.org/node-bin-setup/-/node-bin-setup-1.0.6.tgz
116 http fetch 200 https://registry.npmjs.org/node-bin-setup/-/node-bin-setup-1.0.6.tgz
117 silly fetchAndShaCheck shasum 4b5c9bb937ece702d7069b36ca78af4684677528
118 verbose addTmpTarball /tmp/npm-25289-90a7c1ff/registry.npmjs.org/node-bin-setup/-/node-bin-setup-1.0.6.tgz not in flight; adding
119 verbose addTmpTarball already have metadata; skipping unpack for node-bin-setup@1.0.6
120 verbose correctMkdir /home/patrick/.npm correctMkdir not in flight; initializing
121 silly cache afterAdd node-bin-setup@1.0.6
122 verbose afterAdd /home/patrick/.npm/node-bin-setup/1.0.6/package/package.json not in flight; writing
123 verbose correctMkdir /home/patrick/.npm correctMkdir not in flight; initializing
124 verbose afterAdd /home/patrick/.npm/node-bin-setup/1.0.6/package/package.json written
125 silly loadAllDepsIntoIdealTree Finishing
126 silly loadIdealTree Finishing
127 silly currentTree patrick
127 silly currentTree ├── bootstrap@3.3.7
127 silly currentTree ├── bulma@0.4.3
127 silly currentTree └── hyper-wal@1.0.2
128 silly idealTree patrick
128 silly idealTree ├── bootstrap@3.3.7
128 silly idealTree ├── bulma@0.4.3
128 silly idealTree ├── hyper-wal@1.0.2
128 silly idealTree ├── node-bin-setup@1.0.6
128 silly idealTree └── node@8.2.1
129 silly generateActionsToTake Starting
130 silly install generateActionsToTake
131 silly generateActionsToTake Finishing
132 silly diffTrees action count 2
133 silly diffTrees add node-bin-setup@1.0.6
134 silly diffTrees add node@8.2.1
135 silly decomposeActions action count 16
136 silly decomposeActions fetch node-bin-setup@1.0.6
137 silly decomposeActions extract node-bin-setup@1.0.6
138 silly decomposeActions test node-bin-setup@1.0.6
139 silly decomposeActions preinstall node-bin-setup@1.0.6
140 silly decomposeActions build node-bin-setup@1.0.6
141 silly decomposeActions install node-bin-setup@1.0.6
142 silly decomposeActions postinstall node-bin-setup@1.0.6
143 silly decomposeActions finalize node-bin-setup@1.0.6
144 silly decomposeActions fetch node@8.2.1
145 silly decomposeActions extract node@8.2.1
146 silly decomposeActions test node@8.2.1
147 silly decomposeActions preinstall node@8.2.1
148 silly decomposeActions build node@8.2.1
149 silly decomposeActions install node@8.2.1
150 silly decomposeActions postinstall node@8.2.1
151 silly decomposeActions finalize node@8.2.1
152 silly runTopLevelLifecycles Starting
153 silly executeActions Starting
154 silly install executeActions
155 silly doSerial global-install 0
156 silly doParallel fetch 2
157 verbose correctMkdir /home/patrick/.npm/_locks correctMkdir not in flight; initializing
158 verbose lock using /home/patrick/.npm/_locks/staging-61cf436c8b1c1056.lock for /home/patrick/node_modules/.staging
159 silly doParallel extract 2
160 silly extract node-bin-setup@1.0.6
161 silly extract node@8.2.1
162 verbose unbuild node_modules/.staging/node-bin-setup-68dc5614
163 verbose unbuild node_modules/.staging/node-f476d480
164 silly gentlyRm /home/patrick/node_modules/.staging/node-bin-setup-68dc5614 is being purged from base /home/patrick
165 verbose gentlyRm don't care about contents; nuking /home/patrick/node_modules/.staging/node-bin-setup-68dc5614
166 verbose tar unpack /home/patrick/.npm/node-bin-setup/1.0.6/package.tgz
167 verbose tar unpacking to /home/patrick/node_modules/.staging/node-bin-setup-68dc5614
168 silly gentlyRm /home/patrick/node_modules/.staging/node-bin-setup-68dc5614 is being purged
169 verbose gentlyRm don't care about contents; nuking /home/patrick/node_modules/.staging/node-bin-setup-68dc5614
170 silly gentlyRm /home/patrick/node_modules/.staging/node-f476d480 is being purged from base /home/patrick
171 verbose gentlyRm don't care about contents; nuking /home/patrick/node_modules/.staging/node-f476d480
172 silly gunzTarPerm modes [ '775', '664' ]
173 verbose tar unpack /home/patrick/.npm/node/8.2.1/package.tgz
174 verbose tar unpacking to /home/patrick/node_modules/.staging/node-f476d480
175 silly gentlyRm /home/patrick/node_modules/.staging/node-f476d480 is being purged
176 verbose gentlyRm don't care about contents; nuking /home/patrick/node_modules/.staging/node-f476d480
177 silly gunzTarPerm modes [ '775', '664' ]
178 silly gunzTarPerm extractEntry package.json
179 silly gunzTarPerm modified mode [ 'package.json', 420, 436 ]
180 silly gunzTarPerm extractEntry package.json
181 silly gunzTarPerm modified mode [ 'package.json', 420, 436 ]
182 silly gunzTarPerm extractEntry index.js
183 silly gunzTarPerm modified mode [ 'index.js', 420, 436 ]
184 silly gunzTarPerm extractEntry README.md
185 silly gunzTarPerm modified mode [ 'README.md', 420, 436 ]
186 silly gunzTarPerm extractEntry installArchSpecificPackage.js
187 silly gunzTarPerm modified mode [ 'installArchSpecificPackage.js', 420, 436 ]
188 silly gentlyRm /home/patrick/node_modules/.staging/node-bin-setup-68dc5614/node_modules is being purged
189 verbose gentlyRm don't care about contents; nuking /home/patrick/node_modules/.staging/node-bin-setup-68dc5614/node_modules
190 silly gentlyRm /home/patrick/node_modules/.staging/node-f476d480/node_modules is being purged
191 verbose gentlyRm don't care about contents; nuking /home/patrick/node_modules/.staging/node-f476d480/node_modules
192 silly doParallel preinstall 2
193 silly preinstall node-bin-setup@1.0.6 /home/patrick/node_modules/.staging/node-bin-setup-68dc5614
194 info lifecycle node-bin-setup@1.0.6~preinstall: node-bin-setup@1.0.6
195 silly preinstall node@8.2.1 /home/patrick/node_modules/.staging/node-f476d480
196 info lifecycle node@8.2.1~preinstall: node@8.2.1
197 silly lifecycle node-bin-setup@1.0.6~preinstall: no script for preinstall, continuing
198 verbose lifecycle node@8.2.1~preinstall: unsafe-perm in lifecycle true
199 verbose lifecycle node@8.2.1~preinstall: PATH: /usr/lib/node_modules/npm/bin/node-gyp-bin:/home/patrick/node_modules/.staging/node-f476d480/node_modules/.bin:/home/patrick/node_modules/.bin:/home/patrick/bin:/home/patrick/.local/bin:/usr/local/sbin:/usr/local/bin:/usr/sbin:/usr/bin:/sbin:/bin:/usr/games:/usr/local/games:/snap/bin
200 verbose lifecycle node@8.2.1~preinstall: CWD: /home/patrick/node_modules/.staging/node-f476d480
201 silly lifecycle node@8.2.1~preinstall: Args: [ '-c', 'node installArchSpecificPackage' ]
202 silly lifecycle node@8.2.1~preinstall: Returned: code: 1  signal: null
203 info lifecycle node@8.2.1~preinstall: Failed to exec preinstall script
204 verbose unlock done using /home/patrick/.npm/_locks/staging-61cf436c8b1c1056.lock for /home/patrick/node_modules/.staging
205 silly rollbackFailedOptional Starting
206 silly rollbackFailedOptional Finishing
207 silly runTopLevelLifecycles Finishing
208 silly install printInstalled
209 warn enoent ENOENT: no such file or directory, open '/home/patrick/package.json'
210 verbose enoent ENOENT: no such file or directory, open '/home/patrick/package.json'
210 verbose enoent This is most likely not a problem with npm itself
210 verbose enoent and is related to npm not being able to find a file.
211 warn patrick No description
212 verbose If you need help, you may report this error at:
212 verbose     <https://github.com/npm/npm/issues>
213 warn patrick No repository field.
214 verbose If you need help, you may report this error at:
214 verbose     <https://github.com/npm/npm/issues>
215 warn patrick No README data
216 verbose If you need help, you may report this error at:
216 verbose     <https://github.com/npm/npm/issues>
217 warn patrick No license field.
218 verbose If you need help, you may report this error at:
218 verbose     <https://github.com/npm/npm/issues>
219 verbose stack Error: node@8.2.1 preinstall: `node installArchSpecificPackage`
219 verbose stack Exit status 1
219 verbose stack     at EventEmitter.<anonymous> (/usr/lib/node_modules/npm/lib/utils/lifecycle.js:255:16)
219 verbose stack     at emitTwo (events.js:106:13)
219 verbose stack     at EventEmitter.emit (events.js:191:7)
219 verbose stack     at ChildProcess.<anonymous> (/usr/lib/node_modules/npm/lib/utils/spawn.js:40:14)
219 verbose stack     at emitTwo (events.js:106:13)
219 verbose stack     at ChildProcess.emit (events.js:191:7)
219 verbose stack     at maybeClose (internal/child_process.js:891:16)
219 verbose stack     at Process.ChildProcess._handle.onexit (internal/child_process.js:226:5)
220 verbose pkgid node@8.2.1
221 verbose cwd /home/patrick/CS/webdevcourse/javascript/11.130
222 error Linux 4.10.0-27-generic
223 error argv "/usr/bin/nodejs" "/usr/bin/npm" "install" "node"
224 error node v6.11.1
225 error npm  v3.10.10
226 error code ELIFECYCLE
227 error node@8.2.1 preinstall: `node installArchSpecificPackage`
227 error Exit status 1
228 error Failed at the node@8.2.1 preinstall script 'node installArchSpecificPackage'.
228 error Make sure you have the latest version of node.js and npm installed.
228 error If you do, this is most likely a problem with the node package,
228 error not with npm itself.
228 error Tell the author that this fails on your system:
228 error     node installArchSpecificPackage
228 error You can get information on how to open an issue for this project with:
228 error     npm bugs node
228 error Or if that isn't available, you can get their info via:
228 error     npm owner ls node
228 error There is likely additional logging output above.
229 verbose exit [ 1, true ]
